<?xml version="1.0" encoding="UTF-8"?>
<!-- Generated by org.testng.reporters.JUnitReportReporter -->
<testsuite hostname="DESKTOP-R5LO1SB" failures="0" tests="1" name="com.XPath.WebTable_FirstRow_FirstRowOfCell_GetCityName" time="0.294" errors="0" timestamp="2024-02-08T15:39:52 IST" skipped="0">
  <testcase classname="com.XPath.WebTable_FirstRow_FirstRowOfCell_GetCityName" name="webTable_getCityName" time="0.294"/>
  <system-out/>
</testsuite> <!-- com.XPath.WebTable_FirstRow_FirstRowOfCell_GetCityName -->
