<?xml version="1.0" encoding="UTF-8"?>
<!-- Generated by org.testng.reporters.JUnitReportReporter -->
<testsuite hostname="DESKTOP-R5LO1SB" failures="0" tests="1" name="com.WebTable.DynamicWebTable" time="6.238" errors="0" timestamp="2024-02-09T14:18:19 IST" skipped="0">
  <testcase classname="com.WebTable.DynamicWebTable" name="getData_DynamicWebTable" time="6.238"/>
  <system-out/>
</testsuite> <!-- com.WebTable.DynamicWebTable -->
