<?xml version="1.0" encoding="UTF-8"?>
<!-- Generated by org.testng.reporters.JUnitReportReporter -->
<testsuite hostname="DESKTOP-R5LO1SB" failures="0" tests="6" name="com.TestNG.Annotations" time="0.031" errors="0" timestamp="2024-02-07T17:07:19 IST" skipped="1">
  <testcase classname="com.TestNG.Annotations" name="applicationLaunch" time="0.014"/>
  <system-out/>
  <testcase classname="com.TestNG.Annotations" name="inBoxTest" time="0.002"/>
  <system-out/>
  <testcase classname="com.TestNG.Annotations" name="ComposeMailTest" time="0.005"/>
  <system-out/>
  <testcase classname="com.TestNG.Annotations" name="sentMail" time="0.005"/>
  <system-out/>
  <testcase classname="com.TestNG.Annotations" name="applicationClose" time="0.005"/>
  <system-out/>
  <testcase classname="com.TestNG.Annotations" name="draftsTest">
    <skipped/>
  </testcase> <!-- draftsTest -->
  <system-out/>
</testsuite> <!-- com.TestNG.Annotations -->
