<?xml version="1.0" encoding="UTF-8"?>
<!-- Generated by org.testng.reporters.JUnitReportReporter -->
<testsuite hostname="DESKTOP-R5LO1SB" failures="0" tests="1" name="com.XPath.CapturingCompleteWebTableData" time="23.516" errors="0" timestamp="2024-02-08T15:59:03 IST" skipped="0">
  <testcase classname="com.XPath.CapturingCompleteWebTableData" name="getting_CompleteWebTableData" time="23.516"/>
  <system-out/>
</testsuite> <!-- com.XPath.CapturingCompleteWebTableData -->
