<?xml version="1.0" encoding="UTF-8"?>
<!-- Generated by org.testng.reporters.JUnitReportReporter -->
<testsuite hostname="DESKTOP-R5LO1SB" failures="0" tests="6" name="com.OrangreHRM_with_TestNG.AddEmployeeDetails" time="72.076" errors="0" timestamp="2024-02-13T22:02:08 IST" skipped="0">
  <testcase classname="com.OrangreHRM_with_TestNG.AddEmployeeDetails" name="loginPageTextValidation" time="1.411"/>
  <system-out/>
  <testcase classname="com.OrangreHRM_with_TestNG.AddEmployeeDetails" name="loginWithData" time="28.692"/>
  <system-out/>
  <testcase classname="com.OrangreHRM_with_TestNG.AddEmployeeDetails" name="addEmployeePageDirections" time="8.025"/>
  <system-out/>
  <testcase classname="com.OrangreHRM_with_TestNG.AddEmployeeDetails" name="addEmployeeDetails_Multiple_Data" time="27.751"/>
  <system-out/>
  <testcase classname="com.OrangreHRM_with_TestNG.AddEmployeeDetails" name="verification_loginPage_AfterLogout" time="6.152"/>
  <system-out/>
  <testcase classname="com.OrangreHRM_with_TestNG.AddEmployeeDetails" name="excel_save" time="0.045"/>
  <system-out/>
</testsuite> <!-- com.OrangreHRM_with_TestNG.AddEmployeeDetails -->
