<?xml version="1.0" encoding="UTF-8"?>
<!-- Generated by org.testng.reporters.JUnitReportReporter -->
<testsuite hostname="DESKTOP-R5LO1SB" failures="0" tests="3" name="com.config.LoginValidationsWithTestNG" time="17.405" errors="0" timestamp="2024-02-14T20:35:02 IST" skipped="0">
  <testcase classname="com.config.LoginValidationsWithTestNG" name="loginPageTextValidation" time="4.038"/>
  <system-out/>
  <testcase classname="com.config.LoginValidationsWithTestNG" name="loginWithData" time="10.857"/>
  <system-out/>
  <testcase classname="com.config.LoginValidationsWithTestNG" name="excel_save" time="2.510"/>
  <system-out/>
</testsuite> <!-- com.config.LoginValidationsWithTestNG -->
