<?xml version="1.0" encoding="UTF-8"?>
<!-- Generated by org.testng.reporters.JUnitReportReporter -->
<testsuite hostname="DESKTOP-R5LO1SB" failures="0" tests="2" name="com.JQurey.Example1" time="0.020" errors="0" timestamp="2024-02-07T18:49:56 IST" skipped="0">
  <testcase classname="com.JQurey.Example1" name="Hello" time="0.014"/>
  <system-out/>
  <testcase classname="com.JQurey.Example1" name="Helloworld" time="0.006"/>
  <system-out/>
</testsuite> <!-- com.JQurey.Example1 -->
