<?xml version="1.0" encoding="UTF-8"?>
<!-- Generated by org.testng.reporters.JUnitReportReporter -->
<testsuite hostname="DESKTOP-R5LO1SB" failures="0" tests="6" name="com.utility_OrangeHRM.AddEmployeeDetails" time="133.995" errors="0" timestamp="2024-02-14T19:36:02 IST" skipped="0">
  <testcase classname="com.utility_OrangeHRM.AddEmployeeDetails" name="loginPageTextValidation" time="9.375"/>
  <system-out/>
  <testcase classname="com.utility_OrangeHRM.AddEmployeeDetails" name="loginWithData" time="86.235"/>
  <system-out/>
  <testcase classname="com.utility_OrangeHRM.AddEmployeeDetails" name="addEmployeePageDirections" time="3.505"/>
  <system-out/>
  <testcase classname="com.utility_OrangeHRM.AddEmployeeDetails" name="addEmployeeDetails_Multiple_Data" time="27.945"/>
  <system-out/>
  <testcase classname="com.utility_OrangeHRM.AddEmployeeDetails" name="verification_loginPage_AfterLogout" time="6.842"/>
  <system-out/>
  <testcase classname="com.utility_OrangeHRM.AddEmployeeDetails" name="excel_save" time="0.093"/>
  <system-out/>
</testsuite> <!-- com.utility_OrangeHRM.AddEmployeeDetails -->
