<?xml version="1.0" encoding="UTF-8"?>
<!-- Generated by org.testng.reporters.JUnitReportReporter -->
<testsuite hostname="DESKTOP-R5LO1SB" failures="0" tests="2" name="practice.WebTable_OrangeHRM" time="40.258" errors="0" timestamp="2024-02-11T19:14:05 IST" skipped="0">
  <testcase classname="practice.WebTable_OrangeHRM" name="Login_OrangeHRM" time="39.278"/>
  <system-out/>
  <testcase classname="practice.WebTable_OrangeHRM" name="ExcelSave" time="0.980"/>
  <system-out/>
</testsuite> <!-- practice.WebTable_OrangeHRM -->
