<?xml version="1.0" encoding="UTF-8"?>
<!-- Generated by org.testng.reporters.JUnitReportReporter -->
<testsuite hostname="DESKTOP-R5LO1SB" failures="0" tests="4" name="com.iFrames.DragAndDrop" time="5.554" errors="0" timestamp="2024-02-07T20:45:09 IST" skipped="0">
  <testcase classname="com.iFrames.DragAndDrop" name="jQuery_getText_DragMeToMyTarget" time="3.214"/>
  <system-out/>
  <testcase classname="com.iFrames.DragAndDrop" name="DragAndDropAction" time="0.475"/>
  <system-out/>
  <testcase classname="com.iFrames.DragAndDrop" name="backto_defaultcontent" time="0.081"/>
  <system-out/>
  <testcase classname="com.iFrames.DragAndDrop" name="click_on_resize_link" time="1.784"/>
  <system-out/>
</testsuite> <!-- com.iFrames.DragAndDrop -->
