<?xml version="1.0" encoding="UTF-8"?>
<!-- Generated by org.testng.reporters.JUnitReportReporter -->
<testsuite hostname="DESKTOP-R5LO1SB" failures="0" tests="1" name="com.RadioButtons.EchoEcho_RadioButtonsTesting" time="2.724" errors="0" timestamp="2024-02-15T16:05:40 IST" skipped="0">
  <testcase classname="com.RadioButtons.EchoEcho_RadioButtonsTesting" name="group1RadioButtonsTesting" time="2.724"/>
  <system-out/>
</testsuite> <!-- com.RadioButtons.EchoEcho_RadioButtonsTesting -->
