<?xml version="1.0" encoding="UTF-8"?>
<!-- Generated by org.testng.reporters.JUnitReportReporter -->
<testsuite hostname="DESKTOP-R5LO1SB" failures="0" tests="1" name="com.Alerts.AlertsHandling_TSSRTC" time="6.620" errors="0" timestamp="2024-02-09T14:10:18 IST" skipped="0">
  <testcase classname="com.Alerts.AlertsHandling_TSSRTC" name="hadlingAlert" time="6.620"/>
  <system-out/>
</testsuite> <!-- com.Alerts.AlertsHandling_TSSRTC -->
