<?xml version="1.0" encoding="UTF-8"?>
<!-- Generated by org.testng.reporters.JUnitReportReporter -->
<testsuite hostname="DESKTOP-R5LO1SB" failures="0" tests="3" name="com.OrangreHRM_with_TestNG.LoginValidationsWithTestNG" time="33.163" errors="0" timestamp="2024-02-13T22:02:08 IST" skipped="0">
  <testcase classname="com.OrangreHRM_with_TestNG.LoginValidationsWithTestNG" name="loginPageTextValidation" time="1.411"/>
  <system-out/>
  <testcase classname="com.OrangreHRM_with_TestNG.LoginValidationsWithTestNG" name="loginWithData" time="28.694"/>
  <system-out/>
  <testcase classname="com.OrangreHRM_with_TestNG.LoginValidationsWithTestNG" name="excel_save" time="3.058"/>
  <system-out/>
</testsuite> <!-- com.OrangreHRM_with_TestNG.LoginValidationsWithTestNG -->
