<?xml version="1.0" encoding="UTF-8"?>
<!-- Generated by org.testng.reporters.JUnitReportReporter -->
<testsuite hostname="DESKTOP-R5LO1SB" failures="0" tests="2" name="com.iFrames.BaseTest_Frames" time="19.471" errors="0" timestamp="2024-02-07T20:12:37 IST" skipped="0">
  <testcase classname="com.iFrames.BaseTest_Frames" name="applicationLaunch" time="18.959"/>
  <system-out/>
  <testcase classname="com.iFrames.BaseTest_Frames" name="applicationClose" time="0.512"/>
  <system-out/>
</testsuite> <!-- com.iFrames.BaseTest_Frames -->
