<?xml version="1.0" encoding="UTF-8"?>
<!-- Generated by org.testng.reporters.JUnitReportReporter -->
<testsuite hostname="DESKTOP-R5LO1SB" failures="0" tests="1" name="com.WebTable.WebTable_FirstColoumnData_ExportToExcel" time="12.164" errors="0" timestamp="2024-02-09T15:00:27 IST" skipped="0">
  <testcase classname="com.WebTable.WebTable_FirstColoumnData_ExportToExcel" name="excel_ExportFirstColumnData" time="12.164"/>
  <system-out/>
</testsuite> <!-- com.WebTable.WebTable_FirstColoumnData_ExportToExcel -->
