<?xml version="1.0" encoding="UTF-8"?>
<!-- Generated by org.testng.reporters.JUnitReportReporter -->
<testsuite hostname="DESKTOP-R5LO1SB" failures="0" tests="1" name="com.XPath.Assignment" time="16.371" errors="0" timestamp="2024-02-08T17:37:26 IST" skipped="0">
  <testcase classname="com.XPath.Assignment" name="DynmaicWebTable" time="16.371"/>
  <system-out/>
</testsuite> <!-- com.XPath.Assignment -->
