<?xml version="1.0" encoding="UTF-8"?>
<!-- Generated by org.testng.reporters.JUnitReportReporter -->
<testsuite hostname="DESKTOP-R5LO1SB" failures="0" tests="2" name="com.BaseTest.BaseTest" time="65.314" errors="0" timestamp="2024-02-15T19:54:03 IST" skipped="0">
  <testcase classname="com.BaseTest.BaseTest" name="applicationLaunch" time="64.999"/>
  <testcase classname="com.BaseTest.BaseTest" name="applicationClose" time="0.315"/>
</testsuite> <!-- com.BaseTest.BaseTest -->
